#
# There is insufficient memory for the Java Runtime Environment to continue.
# Native memory allocation (malloc) failed to allocate 1049168 bytes. Error detail: Chunk::new
# Possible reasons:
#   The system is out of physical RAM or swap space
#   This process is running with CompressedOops enabled, and the Java Heap may be blocking the growth of the native heap
# Possible solutions:
#   Reduce memory load on the system
#   Increase physical memory or swap space
#   Check if swap backing store is full
#   Decrease Java heap size (-Xmx/-Xms)
#   Decrease number of Java threads
#   Decrease Java thread stack sizes (-Xss)
#   Set larger code cache with -XX:ReservedCodeCacheSize=
#   JVM is running with Unscaled Compressed Oops mode in which the Java heap is
#     placed in the first 4GB address space. The Java Heap base address is the
#     maximum limit for the native heap growth. Please use -XX:HeapBaseMinAddress
#     to set the Java Heap base and to place the Java Heap above 4GB virtual address.
# This output file may be truncated or incomplete.
#
#  Out of Memory Error (arena.cpp:162), pid=26236, tid=39668
#
# JRE version: Java(TM) SE Runtime Environment (24.0.2+12) (build 24.0.2+12-54)
# Java VM: Java HotSpot(TM) 64-Bit Server VM (24.0.2+12-54, mixed mode, sharing, tiered, compressed oops, compressed class ptrs, g1 gc, windows-amd64)
# No core dump will be written. Minidumps are not enabled by default on client versions of Windows
#

---------------  S U M M A R Y ------------

Command Line: -Dfile.encoding=UTF-8 -Dstdout.encoding=UTF-8 -Dstderr.encoding=UTF-8 --module-path=C:\Users\Acer\eclipse-workspace\MyStore\bin -XX:+ShowCodeDetailsInExceptionMessages -Djdk.module.main=MyStore MyStore/myStore.SaleStore

Host: 12th Gen Intel(R) Core(TM) i5-12450H, 12 cores, 7G,  Windows 11 , 64 bit Build 26100 (10.0.26100.4768)
Time: Tue Sep  2 17:41:06 2025 Hora est. Pacífico, Sudamérica elapsed time: 1.238311 seconds (0d 0h 0m 1s)

---------------  T H R E A D  ---------------

Current thread (0x000001c6799f8680):  JavaThread "C2 CompilerThread0" daemon [_thread_in_native, id=39668, stack(0x00000063d3900000,0x00000063d3a00000) (1024K)]


Current CompileTask:
C2:1238  203       4       java.util.HashMap::putVal (300 bytes)

Stack: [0x00000063d3900000,0x00000063d3a00000]
Native frames: (J=compiled Java code, j=interpreted, Vv=VM code, C=native code)
V  [jvm.dll+0x730829]  (no source info available)
V  [jvm.dll+0x8d9da3]  (no source info available)
V  [jvm.dll+0x8dc28d]  (no source info available)
V  [jvm.dll+0x8dc903]  (no source info available)
V  [jvm.dll+0x2a9f56]  (no source info available)
V  [jvm.dll+0xced7f]  (no source info available)
V  [jvm.dll+0xcefdf]  (no source info available)
V  [jvm.dll+0x154c83]  (no source info available)
V  [jvm.dll+0x73604f]  (no source info available)
V  [jvm.dll+0x26f8dc]  (no source info available)
V  [jvm.dll+0x26e8ff]  (no source info available)
V  [jvm.dll+0x1e9c90]  (no source info available)
V  [jvm.dll+0x27e0cb]  (no source info available)
V  [jvm.dll+0x27c36a]  (no source info available)
V  [jvm.dll+0x42f396]  (no source info available)
V  [jvm.dll+0x87d9eb]  (no source info available)
V  [jvm.dll+0x72ef45]  (no source info available)
C  [ucrtbase.dll+0x37b0]  (no source info available)
C  [KERNEL32.DLL+0x2e8d7]  (no source info available)
C  [ntdll.dll+0x3c34c]  (no source info available)

Lock stack of current Java thread (top to bottom):


---------------  P R O C E S S  ---------------

Threads class SMR info:
_java_thread_list=0x000001c64514a5b0, length=11, elements={
0x000001c65ab0d720, 0x000001c6799dd640, 0x000001c6799ddd80, 0x000001c6799e1200,
0x000001c6799e1d30, 0x000001c6799e2860, 0x000001c6799e34c0, 0x000001c6799f8680,
0x000001c6799f9420, 0x000001c6450b1f10, 0x000001c64514b670
}

Java Threads: ( => current thread )
  0x000001c65ab0d720 JavaThread "main"                              [_thread_in_vm, id=36524, stack(0x00000063d2b00000,0x00000063d2c00000) (1024K)]
  0x000001c6799dd640 JavaThread "Reference Handler"          daemon [_thread_blocked, id=24104, stack(0x00000063d3300000,0x00000063d3400000) (1024K)]
  0x000001c6799ddd80 JavaThread "Finalizer"                  daemon [_thread_blocked, id=38604, stack(0x00000063d3400000,0x00000063d3500000) (1024K)]
  0x000001c6799e1200 JavaThread "Signal Dispatcher"          daemon [_thread_blocked, id=13988, stack(0x00000063d3500000,0x00000063d3600000) (1024K)]
  0x000001c6799e1d30 JavaThread "Attach Listener"            daemon [_thread_blocked, id=21744, stack(0x00000063d3600000,0x00000063d3700000) (1024K)]
  0x000001c6799e2860 JavaThread "Service Thread"             daemon [_thread_blocked, id=35256, stack(0x00000063d3700000,0x00000063d3800000) (1024K)]
  0x000001c6799e34c0 JavaThread "Monitor Deflation Thread"   daemon [_thread_blocked, id=33000, stack(0x00000063d3800000,0x00000063d3900000) (1024K)]
=>0x000001c6799f8680 JavaThread "C2 CompilerThread0"         daemon [_thread_in_native, id=39668, stack(0x00000063d3900000,0x00000063d3a00000) (1024K)]
  0x000001c6799f9420 JavaThread "C1 CompilerThread0"         daemon [_thread_blocked, id=24072, stack(0x00000063d3a00000,0x00000063d3b00000) (1024K)]
  0x000001c6450b1f10 JavaThread "Common-Cleaner"             daemon [_thread_blocked, id=11964, stack(0x00000063d3b00000,0x00000063d3c00000) (1024K)]
  0x000001c64514b670 JavaThread "Notification Thread"        daemon [_thread_blocked, id=36644, stack(0x00000063d3c00000,0x00000063d3d00000) (1024K)]
Total: 11

Other Threads:
  0x000001c6799d0110 VMThread "VM Thread"                           [id=29588, stack(0x00000063d3200000,0x00000063d3300000) (1024K)]
  0x000001c6799bf9b0 WatcherThread "VM Periodic Task Thread"        [id=16684, stack(0x00000063d3100000,0x00000063d3200000) (1024K)]
  0x000001c65cf7f250 WorkerThread "GC Thread#0"                     [id=25168, stack(0x00000063d2c00000,0x00000063d2d00000) (1024K)]
  0x000001c65cf96e10 ConcurrentGCThread "G1 Main Marker"            [id=4052, stack(0x00000063d2d00000,0x00000063d2e00000) (1024K)]
  0x000001c65cf97920 WorkerThread "G1 Conc#0"                       [id=26756, stack(0x00000063d2e00000,0x00000063d2f00000) (1024K)]
  0x000001c65cfeeb10 ConcurrentGCThread "G1 Refine#0"               [id=34740, stack(0x00000063d2f00000,0x00000063d3000000) (1024K)]
  0x000001c67988d5b0 ConcurrentGCThread "G1 Service"                [id=36212, stack(0x00000063d3000000,0x00000063d3100000) (1024K)]
Total: 7

Threads with active compile tasks:
C2 CompilerThread0  1290  203       4       java.util.HashMap::putVal (300 bytes)
Total: 1

VM state: not at safepoint (normal execution)

VM Mutex/Monitor currently owned by a thread: None

Heap address: 0x0000000084800000, size: 1976 MB, Compressed Oops mode: 32-bit

CDS archive(s) mapped at: [0x000001c600000000-0x000001c600d40000-0x000001c600d40000), size 13893632, SharedBaseAddress: 0x000001c600000000, ArchiveRelocationMode: 1.
Compressed class space mapped at: 0x000001c601000000-0x000001c641000000, reserved size: 1073741824
UseCompressedClassPointers 1, UseCompactObjectHeaders 0
Narrow klass pointer bits 32, Max shift 3
Narrow klass base: 0x000001c600000000, Narrow klass shift: 0
Encoding Range: [0x000001c600000000 - 0x000001c700000000), (4294967296 bytes)
Klass Range:    [0x000001c600000000 - 0x000001c641000000), (1090519040 bytes)
Klass ID Range:  [8 - 1090519033) (1090519025)

GC Precious Log:
 CardTable entry size: 512
 Card Set container configuration: InlinePtr #cards 5 size 8 Array Of Cards #cards 10 size 36 Howl #buckets 4 coarsen threshold 1843 Howl Bitmap #cards 512 size 80 coarsen threshold 460 Card regions per heap region 1 cards per card region 2048
 CPUs: 12 total, 12 available
 Memory: 7896M
 Large Page Support: Disabled
 NUMA Support: Disabled
 Compressed Oops: Enabled (32-bit)
 Heap Region Size: 1M
 Heap Min Capacity: 8M
 Heap Initial Capacity: 124M
 Heap Max Capacity: 1976M
 Pre-touch: Disabled
 Parallel Workers: 10
 Concurrent Workers: 3
 Concurrent Refinement Workers: 10
 Periodic GC: Disabled

Heap:
 garbage-first heap   total reserved 2023424K, committed 129024K, used 4212K [0x0000000084800000, 0x0000000100000000)
  region size 1024K, 4 young (4096K), 0 survivors (0K)
 Metaspace       used 833K, committed 960K, reserved 1114112K
  class space    used 58K, committed 128K, reserved 1048576K

Heap Regions: E=young(eden), S=young(survivor), O=old, HS=humongous(starts), HC=humongous(continues), CS=collection set, F=free, TAMS=top-at-mark-start, PB=parsable bottom
|   0|0x0000000084800000, 0x0000000084800000, 0x0000000084900000|  0%| F|  |TAMS 0x0000000084800000| PB 0x0000000084800000| Untracked |  0
|   1|0x0000000084900000, 0x0000000084900000, 0x0000000084a00000|  0%| F|  |TAMS 0x0000000084900000| PB 0x0000000084900000| Untracked |  0
|   2|0x0000000084a00000, 0x0000000084a00000, 0x0000000084b00000|  0%| F|  |TAMS 0x0000000084a00000| PB 0x0000000084a00000| Untracked |  0
|   3|0x0000000084b00000, 0x0000000084b00000, 0x0000000084c00000|  0%| F|  |TAMS 0x0000000084b00000| PB 0x0000000084b00000| Untracked |  0
|   4|0x0000000084c00000, 0x0000000084c00000, 0x0000000084d00000|  0%| F|  |TAMS 0x0000000084c00000| PB 0x0000000084c00000| Untracked |  0
|   5|0x0000000084d00000, 0x0000000084d00000, 0x0000000084e00000|  0%| F|  |TAMS 0x0000000084d00000| PB 0x0000000084d00000| Untracked |  0
|   6|0x0000000084e00000, 0x0000000084e00000, 0x0000000084f00000|  0%| F|  |TAMS 0x0000000084e00000| PB 0x0000000084e00000| Untracked |  0
|   7|0x0000000084f00000, 0x0000000084f00000, 0x0000000085000000|  0%| F|  |TAMS 0x0000000084f00000| PB 0x0000000084f00000| Untracked |  0
|   8|0x0000000085000000, 0x0000000085000000, 0x0000000085100000|  0%| F|  |TAMS 0x0000000085000000| PB 0x0000000085000000| Untracked |  0
|   9|0x0000000085100000, 0x0000000085100000, 0x0000000085200000|  0%| F|  |TAMS 0x0000000085100000| PB 0x0000000085100000| Untracked |  0
|  10|0x0000000085200000, 0x0000000085200000, 0x0000000085300000|  0%| F|  |TAMS 0x0000000085200000| PB 0x0000000085200000| Untracked |  0
|  11|0x0000000085300000, 0x0000000085300000, 0x0000000085400000|  0%| F|  |TAMS 0x0000000085300000| PB 0x0000000085300000| Untracked |  0
|  12|0x0000000085400000, 0x0000000085400000, 0x0000000085500000|  0%| F|  |TAMS 0x0000000085400000| PB 0x0000000085400000| Untracked |  0
|  13|0x0000000085500000, 0x0000000085500000, 0x0000000085600000|  0%| F|  |TAMS 0x0000000085500000| PB 0x0000000085500000| Untracked |  0
|  14|0x0000000085600000, 0x0000000085600000, 0x0000000085700000|  0%| F|  |TAMS 0x0000000085600000| PB 0x0000000085600000| Untracked |  0
|  15|0x0000000085700000, 0x0000000085700000, 0x0000000085800000|  0%| F|  |TAMS 0x0000000085700000| PB 0x0000000085700000| Untracked |  0
|  16|0x0000000085800000, 0x0000000085800000, 0x0000000085900000|  0%| F|  |TAMS 0x0000000085800000| PB 0x0000000085800000| Untracked |  0
|  17|0x0000000085900000, 0x0000000085900000, 0x0000000085a00000|  0%| F|  |TAMS 0x0000000085900000| PB 0x0000000085900000| Untracked |  0
|  18|0x0000000085a00000, 0x0000000085a00000, 0x0000000085b00000|  0%| F|  |TAMS 0x0000000085a00000| PB 0x0000000085a00000| Untracked |  0
|  19|0x0000000085b00000, 0x0000000085b00000, 0x0000000085c00000|  0%| F|  |TAMS 0x0000000085b00000| PB 0x0000000085b00000| Untracked |  0
|  20|0x0000000085c00000, 0x0000000085c00000, 0x0000000085d00000|  0%| F|  |TAMS 0x0000000085c00000| PB 0x0000000085c00000| Untracked |  0
|  21|0x0000000085d00000, 0x0000000085d00000, 0x0000000085e00000|  0%| F|  |TAMS 0x0000000085d00000| PB 0x0000000085d00000| Untracked |  0
|  22|0x0000000085e00000, 0x0000000085e00000, 0x0000000085f00000|  0%| F|  |TAMS 0x0000000085e00000| PB 0x0000000085e00000| Untracked |  0
|  23|0x0000000085f00000, 0x0000000085f00000, 0x0000000086000000|  0%| F|  |TAMS 0x0000000085f00000| PB 0x0000000085f00000| Untracked |  0
|  24|0x0000000086000000, 0x0000000086000000, 0x0000000086100000|  0%| F|  |TAMS 0x0000000086000000| PB 0x0000000086000000| Untracked |  0
|  25|0x0000000086100000, 0x0000000086100000, 0x0000000086200000|  0%| F|  |TAMS 0x0000000086100000| PB 0x0000000086100000| Untracked |  0
|  26|0x0000000086200000, 0x0000000086200000, 0x0000000086300000|  0%| F|  |TAMS 0x0000000086200000| PB 0x0000000086200000| Untracked |  0
|  27|0x0000000086300000, 0x0000000086300000, 0x0000000086400000|  0%| F|  |TAMS 0x0000000086300000| PB 0x0000000086300000| Untracked |  0
|  28|0x0000000086400000, 0x0000000086400000, 0x0000000086500000|  0%| F|  |TAMS 0x0000000086400000| PB 0x0000000086400000| Untracked |  0
|  29|0x0000000086500000, 0x0000000086500000, 0x0000000086600000|  0%| F|  |TAMS 0x0000000086500000| PB 0x0000000086500000| Untracked |  0
|  30|0x0000000086600000, 0x0000000086600000, 0x0000000086700000|  0%| F|  |TAMS 0x0000000086600000| PB 0x0000000086600000| Untracked |  0
|  31|0x0000000086700000, 0x0000000086700000, 0x0000000086800000|  0%| F|  |TAMS 0x0000000086700000| PB 0x0000000086700000| Untracked |  0
|  32|0x0000000086800000, 0x0000000086800000, 0x0000000086900000|  0%| F|  |TAMS 0x0000000086800000| PB 0x0000000086800000| Untracked |  0
|  33|0x0000000086900000, 0x0000000086900000, 0x0000000086a00000|  0%| F|  |TAMS 0x0000000086900000| PB 0x0000000086900000| Untracked |  0
|  34|0x0000000086a00000, 0x0000000086a00000, 0x0000000086b00000|  0%| F|  |TAMS 0x0000000086a00000| PB 0x0000000086a00000| Untracked |  0
|  35|0x0000000086b00000, 0x0000000086b00000, 0x0000000086c00000|  0%| F|  |TAMS 0x0000000086b00000| PB 0x0000000086b00000| Untracked |  0
|  36|0x0000000086c00000, 0x0000000086c00000, 0x0000000086d00000|  0%| F|  |TAMS 0x0000000086c00000| PB 0x0000000086c00000| Untracked |  0
|  37|0x0000000086d00000, 0x0000000086d00000, 0x0000000086e00000|  0%| F|  |TAMS 0x0000000086d00000| PB 0x0000000086d00000| Untracked |  0
|  38|0x0000000086e00000, 0x0000000086e00000, 0x0000000086f00000|  0%| F|  |TAMS 0x0000000086e00000| PB 0x0000000086e00000| Untracked |  0
|  39|0x0000000086f00000, 0x0000000086f00000, 0x0000000087000000|  0%| F|  |TAMS 0x0000000086f00000| PB 0x0000000086f00000| Untracked |  0
|  40|0x0000000087000000, 0x0000000087000000, 0x0000000087100000|  0%| F|  |TAMS 0x0000000087000000| PB 0x0000000087000000| Untracked |  0
|  41|0x0000000087100000, 0x0000000087100000, 0x0000000087200000|  0%| F|  |TAMS 0x0000000087100000| PB 0x0000000087100000| Untracked |  0
|  42|0x0000000087200000, 0x0000000087200000, 0x0000000087300000|  0%| F|  |TAMS 0x0000000087200000| PB 0x0000000087200000| Untracked |  0
|  43|0x0000000087300000, 0x0000000087300000, 0x0000000087400000|  0%| F|  |TAMS 0x0000000087300000| PB 0x0000000087300000| Untracked |  0
|  44|0x0000000087400000, 0x0000000087400000, 0x0000000087500000|  0%| F|  |TAMS 0x0000000087400000| PB 0x0000000087400000| Untracked |  0
|  45|0x0000000087500000, 0x0000000087500000, 0x0000000087600000|  0%| F|  |TAMS 0x0000000087500000| PB 0x0000000087500000| Untracked |  0
|  46|0x0000000087600000, 0x0000000087600000, 0x0000000087700000|  0%| F|  |TAMS 0x0000000087600000| PB 0x0000000087600000| Untracked |  0
|  47|0x0000000087700000, 0x0000000087700000, 0x0000000087800000|  0%| F|  |TAMS 0x0000000087700000| PB 0x0000000087700000| Untracked |  0
|  48|0x0000000087800000, 0x0000000087800000, 0x0000000087900000|  0%| F|  |TAMS 0x0000000087800000| PB 0x0000000087800000| Untracked |  0
|  49|0x0000000087900000, 0x0000000087900000, 0x0000000087a00000|  0%| F|  |TAMS 0x0000000087900000| PB 0x0000000087900000| Untracked |  0
|  50|0x0000000087a00000, 0x0000000087a00000, 0x0000000087b00000|  0%| F|  |TAMS 0x0000000087a00000| PB 0x0000000087a00000| Untracked |  0
|  51|0x0000000087b00000, 0x0000000087b00000, 0x0000000087c00000|  0%| F|  |TAMS 0x0000000087b00000| PB 0x0000000087b00000| Untracked |  0
|  52|0x0000000087c00000, 0x0000000087c00000, 0x0000000087d00000|  0%| F|  |TAMS 0x0000000087c00000| PB 0x0000000087c00000| Untracked |  0
|  53|0x0000000087d00000, 0x0000000087d00000, 0x0000000087e00000|  0%| F|  |TAMS 0x0000000087d00000| PB 0x0000000087d00000| Untracked |  0
|  54|0x0000000087e00000, 0x0000000087e00000, 0x0000000087f00000|  0%| F|  |TAMS 0x0000000087e00000| PB 0x0000000087e00000| Untracked |  0
|  55|0x0000000087f00000, 0x0000000087f00000, 0x0000000088000000|  0%| F|  |TAMS 0x0000000087f00000| PB 0x0000000087f00000| Untracked |  0
|  56|0x0000000088000000, 0x0000000088000000, 0x0000000088100000|  0%| F|  |TAMS 0x0000000088000000| PB 0x0000000088000000| Untracked |  0
|  57|0x0000000088100000, 0x0000000088100000, 0x0000000088200000|  0%| F|  |TAMS 0x0000000088100000| PB 0x0000000088100000| Untracked |  0
|  58|0x0000000088200000, 0x0000000088200000, 0x0000000088300000|  0%| F|  |TAMS 0x0000000088200000| PB 0x0000000088200000| Untracked |  0
|  59|0x0000000088300000, 0x0000000088300000, 0x0000000088400000|  0%| F|  |TAMS 0x0000000088300000| PB 0x0000000088300000| Untracked |  0
|  60|0x0000000088400000, 0x0000000088400000, 0x0000000088500000|  0%| F|  |TAMS 0x0000000088400000| PB 0x0000000088400000| Untracked |  0
|  61|0x0000000088500000, 0x0000000088500000, 0x0000000088600000|  0%| F|  |TAMS 0x0000000088500000| PB 0x0000000088500000| Untracked |  0
|  62|0x0000000088600000, 0x0000000088600000, 0x0000000088700000|  0%| F|  |TAMS 0x0000000088600000| PB 0x0000000088600000| Untracked |  0
|  63|0x0000000088700000, 0x0000000088700000, 0x0000000088800000|  0%| F|  |TAMS 0x0000000088700000| PB 0x0000000088700000| Untracked |  0
|  64|0x0000000088800000, 0x0000000088800000, 0x0000000088900000|  0%| F|  |TAMS 0x0000000088800000| PB 0x0000000088800000| Untracked |  0
|  65|0x0000000088900000, 0x0000000088900000, 0x0000000088a00000|  0%| F|  |TAMS 0x0000000088900000| PB 0x0000000088900000| Untracked |  0
|  66|0x0000000088a00000, 0x0000000088a00000, 0x0000000088b00000|  0%| F|  |TAMS 0x0000000088a00000| PB 0x0000000088a00000| Untracked |  0
|  67|0x0000000088b00000, 0x0000000088b00000, 0x0000000088c00000|  0%| F|  |TAMS 0x0000000088b00000| PB 0x0000000088b00000| Untracked |  0
|  68|0x0000000088c00000, 0x0000000088c00000, 0x0000000088d00000|  0%| F|  |TAMS 0x0000000088c00000| PB 0x0000000088c00000| Untracked |  0
|  69|0x0000000088d00000, 0x0000000088d00000, 0x0000000088e00000|  0%| F|  |TAMS 0x0000000088d00000| PB 0x0000000088d00000| Untracked |  0
|  70|0x0000000088e00000, 0x0000000088e00000, 0x0000000088f00000|  0%| F|  |TAMS 0x0000000088e00000| PB 0x0000000088e00000| Untracked |  0
|  71|0x0000000088f00000, 0x0000000088f00000, 0x0000000089000000|  0%| F|  |TAMS 0x0000000088f00000| PB 0x0000000088f00000| Untracked |  0
|  72|0x0000000089000000, 0x0000000089000000, 0x0000000089100000|  0%| F|  |TAMS 0x0000000089000000| PB 0x0000000089000000| Untracked |  0
|  73|0x0000000089100000, 0x0000000089100000, 0x0000000089200000|  0%| F|  |TAMS 0x0000000089100000| PB 0x0000000089100000| Untracked |  0
|  74|0x0000000089200000, 0x0000000089200000, 0x0000000089300000|  0%| F|  |TAMS 0x0000000089200000| PB 0x0000000089200000| Untracked |  0
|  75|0x0000000089300000, 0x0000000089300000, 0x0000000089400000|  0%| F|  |TAMS 0x0000000089300000| PB 0x0000000089300000| Untracked |  0
|  76|0x0000000089400000, 0x0000000089400000, 0x0000000089500000|  0%| F|  |TAMS 0x0000000089400000| PB 0x0000000089400000| Untracked |  0
|  77|0x0000000089500000, 0x0000000089500000, 0x0000000089600000|  0%| F|  |TAMS 0x0000000089500000| PB 0x0000000089500000| Untracked |  0
|  78|0x0000000089600000, 0x0000000089600000, 0x0000000089700000|  0%| F|  |TAMS 0x0000000089600000| PB 0x0000000089600000| Untracked |  0
|  79|0x0000000089700000, 0x0000000089700000, 0x0000000089800000|  0%| F|  |TAMS 0x0000000089700000| PB 0x0000000089700000| Untracked |  0
|  80|0x0000000089800000, 0x0000000089800000, 0x0000000089900000|  0%| F|  |TAMS 0x0000000089800000| PB 0x0000000089800000| Untracked |  0
|  81|0x0000000089900000, 0x0000000089900000, 0x0000000089a00000|  0%| F|  |TAMS 0x0000000089900000| PB 0x0000000089900000| Untracked |  0
|  82|0x0000000089a00000, 0x0000000089a00000, 0x0000000089b00000|  0%| F|  |TAMS 0x0000000089a00000| PB 0x0000000089a00000| Untracked |  0
|  83|0x0000000089b00000, 0x0000000089b00000, 0x0000000089c00000|  0%| F|  |TAMS 0x0000000089b00000| PB 0x0000000089b00000| Untracked |  0
|  84|0x0000000089c00000, 0x0000000089c00000, 0x0000000089d00000|  0%| F|  |TAMS 0x0000000089c00000| PB 0x0000000089c00000| Untracked |  0
|  85|0x0000000089d00000, 0x0000000089d00000, 0x0000000089e00000|  0%| F|  |TAMS 0x0000000089d00000| PB 0x0000000089d00000| Untracked |  0
|  86|0x0000000089e00000, 0x0000000089e00000, 0x0000000089f00000|  0%| F|  |TAMS 0x0000000089e00000| PB 0x0000000089e00000| Untracked |  0
|  87|0x0000000089f00000, 0x0000000089f00000, 0x000000008a000000|  0%| F|  |TAMS 0x0000000089f00000| PB 0x0000000089f00000| Untracked |  0
|  88|0x000000008a000000, 0x000000008a000000, 0x000000008a100000|  0%| F|  |TAMS 0x000000008a000000| PB 0x000000008a000000| Untracked |  0
|  89|0x000000008a100000, 0x000000008a100000, 0x000000008a200000|  0%| F|  |TAMS 0x000000008a100000| PB 0x000000008a100000| Untracked |  0
|  90|0x000000008a200000, 0x000000008a200000, 0x000000008a300000|  0%| F|  |TAMS 0x000000008a200000| PB 0x000000008a200000| Untracked |  0
|  91|0x000000008a300000, 0x000000008a300000, 0x000000008a400000|  0%| F|  |TAMS 0x000000008a300000| PB 0x000000008a300000| Untracked |  0
|  92|0x000000008a400000, 0x000000008a400000, 0x000000008a500000|  0%| F|  |TAMS 0x000000008a400000| PB 0x000000008a400000| Untracked |  0
|  93|0x000000008a500000, 0x000000008a500000, 0x000000008a600000|  0%| F|  |TAMS 0x000000008a500000| PB 0x000000008a500000| Untracked |  0
|  94|0x000000008a600000, 0x000000008a600000, 0x000000008a700000|  0%| F|  |TAMS 0x000000008a600000| PB 0x000000008a600000| Untracked |  0
|  95|0x000000008a700000, 0x000000008a700000, 0x000000008a800000|  0%| F|  |TAMS 0x000000008a700000| PB 0x000000008a700000| Untracked |  0
|  96|0x000000008a800000, 0x000000008a800000, 0x000000008a900000|  0%| F|  |TAMS 0x000000008a800000| PB 0x000000008a800000| Untracked |  0
|  97|0x000000008a900000, 0x000000008a900000, 0x000000008aa00000|  0%| F|  |TAMS 0x000000008a900000| PB 0x000000008a900000| Untracked |  0
|  98|0x000000008aa00000, 0x000000008aa00000, 0x000000008ab00000|  0%| F|  |TAMS 0x000000008aa00000| PB 0x000000008aa00000| Untracked |  0
|  99|0x000000008ab00000, 0x000000008ab00000, 0x000000008ac00000|  0%| F|  |TAMS 0x000000008ab00000| PB 0x000000008ab00000| Untracked |  0
| 100|0x000000008ac00000, 0x000000008ac00000, 0x000000008ad00000|  0%| F|  |TAMS 0x000000008ac00000| PB 0x000000008ac00000| Untracked |  0
| 101|0x000000008ad00000, 0x000000008ad00000, 0x000000008ae00000|  0%| F|  |TAMS 0x000000008ad00000| PB 0x000000008ad00000| Untracked |  0
| 102|0x000000008ae00000, 0x000000008ae00000, 0x000000008af00000|  0%| F|  |TAMS 0x000000008ae00000| PB 0x000000008ae00000| Untracked |  0
| 103|0x000000008af00000, 0x000000008af00000, 0x000000008b000000|  0%| F|  |TAMS 0x000000008af00000| PB 0x000000008af00000| Untracked |  0
| 104|0x000000008b000000, 0x000000008b000000, 0x000000008b100000|  0%| F|  |TAMS 0x000000008b000000| PB 0x000000008b000000| Untracked |  0
| 105|0x000000008b100000, 0x000000008b100000, 0x000000008b200000|  0%| F|  |TAMS 0x000000008b100000| PB 0x000000008b100000| Untracked |  0
| 106|0x000000008b200000, 0x000000008b200000, 0x000000008b300000|  0%| F|  |TAMS 0x000000008b200000| PB 0x000000008b200000| Untracked |  0
| 107|0x000000008b300000, 0x000000008b300000, 0x000000008b400000|  0%| F|  |TAMS 0x000000008b300000| PB 0x000000008b300000| Untracked |  0
| 108|0x000000008b400000, 0x000000008b400000, 0x000000008b500000|  0%| F|  |TAMS 0x000000008b400000| PB 0x000000008b400000| Untracked |  0
| 109|0x000000008b500000, 0x000000008b500000, 0x000000008b600000|  0%| F|  |TAMS 0x000000008b500000| PB 0x000000008b500000| Untracked |  0
| 110|0x000000008b600000, 0x000000008b600000, 0x000000008b700000|  0%| F|  |TAMS 0x000000008b600000| PB 0x000000008b600000| Untracked |  0
| 111|0x000000008b700000, 0x000000008b700000, 0x000000008b800000|  0%| F|  |TAMS 0x000000008b700000| PB 0x000000008b700000| Untracked |  0
| 112|0x000000008b800000, 0x000000008b800000, 0x000000008b900000|  0%| F|  |TAMS 0x000000008b800000| PB 0x000000008b800000| Untracked |  0
| 113|0x000000008b900000, 0x000000008b900000, 0x000000008ba00000|  0%| F|  |TAMS 0x000000008b900000| PB 0x000000008b900000| Untracked |  0
| 114|0x000000008ba00000, 0x000000008ba00000, 0x000000008bb00000|  0%| F|  |TAMS 0x000000008ba00000| PB 0x000000008ba00000| Untracked |  0
| 115|0x000000008bb00000, 0x000000008bb00000, 0x000000008bc00000|  0%| F|  |TAMS 0x000000008bb00000| PB 0x000000008bb00000| Untracked |  0
| 116|0x000000008bc00000, 0x000000008bc00000, 0x000000008bd00000|  0%| F|  |TAMS 0x000000008bc00000| PB 0x000000008bc00000| Untracked |  0
| 117|0x000000008bd00000, 0x000000008bd00000, 0x000000008be00000|  0%| F|  |TAMS 0x000000008bd00000| PB 0x000000008bd00000| Untracked |  0
| 118|0x000000008be00000, 0x000000008be00000, 0x000000008bf00000|  0%| F|  |TAMS 0x000000008be00000| PB 0x000000008be00000| Untracked |  0
| 119|0x000000008bf00000, 0x000000008bf00000, 0x000000008c000000|  0%| F|  |TAMS 0x000000008bf00000| PB 0x000000008bf00000| Untracked |  0
| 120|0x000000008c000000, 0x000000008c100000, 0x000000008c100000|100%| E|  |TAMS 0x000000008c000000| PB 0x000000008c000000| Complete |  0
| 121|0x000000008c100000, 0x000000008c200000, 0x000000008c200000|100%| E|CS|TAMS 0x000000008c100000| PB 0x000000008c100000| Complete |  0
| 122|0x000000008c200000, 0x000000008c300000, 0x000000008c300000|100%| E|CS|TAMS 0x000000008c200000| PB 0x000000008c200000| Complete |  0
| 123|0x000000008c300000, 0x000000008c400000, 0x000000008c400000|100%| E|CS|TAMS 0x000000008c300000| PB 0x000000008c300000| Complete |  0
|1974|0x00000000ffe00000, 0x00000000fff00000, 0x00000000fff00000|100%| O|  |TAMS 0x00000000ffe00000| PB 0x00000000ffe00000| Untracked |  0
|1975|0x00000000fff00000, 0x00000000fff1d248, 0x0000000100000000| 11%| O|  |TAMS 0x00000000fff00000| PB 0x00000000fff00000| Untracked |  0

Card table byte_map: [0x000001c675110000,0x000001c6754f0000] _byte_map_base: 0x000001c674cec000

Marking Bits: (CMBitMap*) 0x000001c65cf7f960
 Bits: [0x000001c6754f0000, 0x000001c6773d0000)

Polling page: 0x000001c65ad80000

Metaspace:

Usage:
  Non-class:    832.23 KB used.
      Class:     60.38 KB used.
       Both:    892.62 KB used.

Virtual space:
  Non-class space:       64.00 MB reserved,     960.00 KB (  1%) committed,  1 nodes.
      Class space:        1.00 GB reserved,     128.00 KB ( <1%) committed,  1 nodes.
             Both:        1.06 GB reserved,       1.06 MB ( <1%) committed. 

Chunk freelists:
   Non-Class:  11.93 MB
       Class:  15.74 MB
        Both:  27.66 MB

MaxMetaspaceSize: unlimited
CompressedClassSpaceSize: 1.00 GB
Initial GC threshold: 21.00 MB
Current GC threshold: 21.00 MB
CDS: on
 - commit_granule_bytes: 65536.
 - commit_granule_words: 8192.
 - virtual_space_node_default_size: 8388608.
 - enlarge_chunks_in_place: 1.
UseCompressedClassPointers 1, UseCompactObjectHeaders 0
Narrow klass pointer bits 32, Max shift 3
Narrow klass base: 0x000001c600000000, Narrow klass shift: 0
Encoding Range: [0x000001c600000000 - 0x000001c700000000), (4294967296 bytes)
Klass Range:    [0x000001c600000000 - 0x000001c641000000), (1090519040 bytes)
Klass ID Range:  [8 - 1090519033) (1090519025)


Internal statistics:

num_allocs_failed_limit: 0.
num_arena_births: 16.
num_arena_deaths: 0.
num_vsnodes_births: 2.
num_vsnodes_deaths: 0.
num_space_committed: 17.
num_space_uncommitted: 0.
num_chunks_returned_to_freelist: 0.
num_chunks_taken_from_freelist: 22.
num_chunk_merges: 0.
num_chunk_splits: 13.
num_chunks_enlarged: 6.
num_inconsistent_stats: 0.

CodeHeap 'non-profiled nmethods': size=120064Kb used=75Kb max_used=75Kb free=119988Kb
 bounds [0x000001c66d290000, 0x000001c66d500000, 0x000001c6747d0000]
CodeHeap 'profiled nmethods': size=120000Kb used=256Kb max_used=256Kb free=119743Kb
 bounds [0x000001c6657d0000, 0x000001c665a40000, 0x000001c66cd00000]
CodeHeap 'non-nmethods': size=5696Kb used=1239Kb max_used=1239Kb free=4456Kb
 bounds [0x000001c66cd00000, 0x000001c66cf70000, 0x000001c66d290000]
CodeCache: size=245760Kb, used=1570Kb, max_used=1570Kb, free=244187Kb
 total_blobs=671, nmethods=269, adapters=307, full_count=0
Compilation: enabled, stopped_count=0, restarted_count=0

Compilation events (20 events):
Event: 0.230 Thread 0x000001c6799f9420 nmethod 212 0x000001c6657fe508 code [0x000001c6657fe620, 0x000001c6657fe790]
Event: 0.232 Thread 0x000001c6799f9420  213       1       java.lang.AbstractStringBuilder::getValue (5 bytes)
Event: 0.232 Thread 0x000001c6799f9420 nmethod 213 0x000001c66d29f488 code [0x000001c66d29f580, 0x000001c66d29f648]
Event: 0.233 Thread 0x000001c6799f9420  215       1       java.lang.invoke.MethodTypeForm::erasedType (5 bytes)
Event: 0.233 Thread 0x000001c6799f9420 nmethod 215 0x000001c66d29fa88 code [0x000001c66d29fb80, 0x000001c66d29fc48]
Event: 0.233 Thread 0x000001c6799f9420  216       3       java.lang.ref.Reference::<init> (25 bytes)
Event: 0.233 Thread 0x000001c6799f9420 nmethod 216 0x000001c6657fe808 code [0x000001c6657fe920, 0x000001c6657feb88]
Event: 0.234 Thread 0x000001c6799f9420  217       3       java.lang.String::checkBoundsOffCount (10 bytes)
Event: 0.234 Thread 0x000001c6799f9420 nmethod 217 0x000001c6657fec08 code [0x000001c6657fed40, 0x000001c6657fef38]
Event: 0.234 Thread 0x000001c6799f9420  218       3       java.lang.invoke.MemberName::getReferenceKind (12 bytes)
Event: 0.234 Thread 0x000001c6799f9420 nmethod 218 0x000001c6657fef88 code [0x000001c6657ff0a0, 0x000001c6657ff1b8]
Event: 0.234 Thread 0x000001c6799f9420  220       3       jdk.internal.misc.Unsafe::allocateUninitializedArray0 (90 bytes)
Event: 0.234 Thread 0x000001c6799f9420 nmethod 220 0x000001c6657ff288 code [0x000001c6657ff420, 0x000001c6657ffcb0]
Event: 0.234 Thread 0x000001c6799f9420  221       3       java.lang.Record::<init> (5 bytes)
Event: 0.234 Thread 0x000001c6799f9420 nmethod 221 0x000001c6657ffd08 code [0x000001c6657ffe20, 0x000001c6657fff80]
Event: 0.234 Thread 0x000001c6799f9420  219       1       java.lang.invoke.MethodHandles$Lookup::lookupClass (5 bytes)
Event: 0.234 Thread 0x000001c6799f9420 nmethod 219 0x000001c66d29fd88 code [0x000001c66d29fe80, 0x000001c66d29ff48]
Event: 0.234 Thread 0x000001c6799f9420  222       3       jdk.internal.classfile.impl.SplitConstantPool::utf8Entry (45 bytes)
Event: 0.235 Thread 0x000001c6799f9420 nmethod 222 0x000001c665800008 code [0x000001c6658001a0, 0x000001c6658008e0]
Event: 0.235 Thread 0x000001c6799f9420  227       3       java.lang.invoke.MethodType::makeImpl (155 bytes)

GC Heap History (0 events):
No events

Dll operation events (4 events):
Event: 0.036 Loaded shared library C:\Program Files\Java\jdk-24\bin\java.dll
Event: 0.159 Loaded shared library C:\Program Files\Java\jdk-24\bin\jsvml.dll
Event: 0.175 Loaded shared library C:\Program Files\Java\jdk-24\bin\net.dll
Event: 0.179 Loaded shared library C:\Program Files\Java\jdk-24\bin\nio.dll

Deoptimization events (0 events):
No events

Classes loaded (20 events):
Event: 0.202 Loading class sun/nio/fs/WindowsDirectoryStream$WindowsDirectoryIterator
Event: 0.202 Loading class sun/nio/fs/WindowsDirectoryStream$WindowsDirectoryIterator done
Event: 0.203 Loading class java/nio/file/FileTreeWalker$Event
Event: 0.203 Loading class java/nio/file/FileTreeWalker$Event done
Event: 0.203 Loading class java/nio/file/FileTreeWalker$EventType
Event: 0.203 Loading class java/nio/file/FileTreeWalker$EventType done
Event: 0.212 Loading class sun/nio/fs/WindowsPath$WindowsPathWithAttributes
Event: 0.212 Loading class sun/nio/fs/BasicFileAttributesHolder
Event: 0.213 Loading class sun/nio/fs/BasicFileAttributesHolder done
Event: 0.213 Loading class sun/nio/fs/WindowsPath$WindowsPathWithAttributes done
Event: 0.214 Loading class java/util/stream/Streams
Event: 0.214 Loading class java/util/stream/Streams done
Event: 0.220 Loading class jdk/internal/module/ModuleReferenceImpl$CachedHash
Event: 0.220 Loading class jdk/internal/module/ModuleReferenceImpl$CachedHash done
Event: 0.230 Loading class jdk/internal/module/ModuleReferences$ExplodedModuleReader
Event: 0.230 Loading class jdk/internal/module/ModuleReferences$ExplodedModuleReader done
Event: 0.231 Loading class jdk/internal/module/ModulePatcher$PatchedModuleReader
Event: 0.231 Loading class jdk/internal/module/ModulePatcher$PatchedModuleReader done
Event: 0.232 Loading class java/util/Scanner
Event: 0.233 Loading class java/util/Scanner done

Classes unloaded (0 events):
No events

Classes redefined (0 events):
No events

Internal exceptions (2 events):
Event: 0.203 Thread 0x000001c65ab0d720 Exception <a 'java/lang/NoSuchMethodError'{0x000000008c2a0538}: 'void java.lang.invoke.DirectMethodHandle$Holder.invokeVirtual(java.lang.Object, java.lang.Object)'> (0x000000008c2a0538) 
thrown [s\open\src\hotspot\share\interpreter\linkResolver.cpp, line 805]
Event: 0.206 Thread 0x000001c65ab0d720 Exception <a 'java/lang/NoSuchMethodError'{0x000000008c2bf358}: 'java.lang.Object java.lang.invoke.DirectMethodHandle$Holder.invokeInterface(java.lang.Object, java.lang.Object, java.lang.Object)'> (0x000000008c2bf358) 
thrown [s\open\src\hotspot\share\interpreter\linkResolver.cpp, line 805]

VM Operations (2 events):
Event: 0.219 Executing VM operation: HandshakeAllThreads (Deoptimize)
Event: 0.219 Executing VM operation: HandshakeAllThreads (Deoptimize) done

Memory protections (0 events):
No events

Nmethod flushes (0 events):
No events

Events (11 events):
Event: 0.135 Thread 0x000001c65ab0d720 Thread added: 0x000001c65ab0d720
Event: 0.154 Thread 0x000001c65ab0d720 Thread added: 0x000001c6799dd640
Event: 0.154 Thread 0x000001c65ab0d720 Thread added: 0x000001c6799ddd80
Event: 0.155 Thread 0x000001c65ab0d720 Thread added: 0x000001c6799e1200
Event: 0.155 Thread 0x000001c65ab0d720 Thread added: 0x000001c6799e1d30
Event: 0.155 Thread 0x000001c65ab0d720 Thread added: 0x000001c6799e2860
Event: 0.155 Thread 0x000001c65ab0d720 Thread added: 0x000001c6799e34c0
Event: 0.155 Thread 0x000001c65ab0d720 Thread added: 0x000001c6799f8680
Event: 0.155 Thread 0x000001c65ab0d720 Thread added: 0x000001c6799f9420
Event: 0.171 Thread 0x000001c65ab0d720 Thread added: 0x000001c6450b1f10
Event: 0.229 Thread 0x000001c65ab0d720 Thread added: 0x000001c64514b670


Dynamic libraries:
0x00007ff7f1a50000 - 0x00007ff7f1a60000 	C:\Program Files\Java\jdk-24\bin\javaw.exe
0x00007ffdc77e0000 - 0x00007ffdc7a47000 	C:\WINDOWS\SYSTEM32\ntdll.dll
0x00007ffdc6bb0000 - 0x00007ffdc6c79000 	C:\WINDOWS\System32\KERNEL32.DLL
0x00007ffdc4a90000 - 0x00007ffdc4e80000 	C:\WINDOWS\System32\KERNELBASE.dll
0x00007ffdc5000000 - 0x00007ffdc514b000 	C:\WINDOWS\System32\ucrtbase.dll
0x00007ffda6ae0000 - 0x00007ffda6afb000 	C:\Program Files\Java\jdk-24\bin\VCRUNTIME140.dll
0x00007ffda9060000 - 0x00007ffda9076000 	C:\Program Files\Java\jdk-24\bin\jli.dll
0x00007ffda78c0000 - 0x00007ffda7b5a000 	C:\WINDOWS\WinSxS\amd64_microsoft.windows.common-controls_6595b64144ccf1df_6.0.26100.4768_none_3e0c112ce331287c\COMCTL32.dll
0x00007ffdc5df0000 - 0x00007ffdc5fb5000 	C:\WINDOWS\System32\USER32.dll
0x00007ffdc5b20000 - 0x00007ffdc5bc9000 	C:\WINDOWS\System32\msvcrt.dll
0x00007ffdc5fe0000 - 0x00007ffdc600b000 	C:\WINDOWS\System32\GDI32.dll
0x00007ffdc4fd0000 - 0x00007ffdc4ff7000 	C:\WINDOWS\System32\win32u.dll
0x00007ffdc4e90000 - 0x00007ffdc4fc8000 	C:\WINDOWS\System32\gdi32full.dll
0x00007ffdc5150000 - 0x00007ffdc51f3000 	C:\WINDOWS\System32\msvcp_win.dll
0x00007ffdc5ae0000 - 0x00007ffdc5b0f000 	C:\WINDOWS\System32\IMM32.DLL
0x00007ffdbd9b0000 - 0x00007ffdbd9bc000 	C:\Program Files\Java\jdk-24\bin\vcruntime140_1.dll
0x00007ffd8abf0000 - 0x00007ffd8ac7e000 	C:\Program Files\Java\jdk-24\bin\msvcp140.dll
0x00007ffce2ac0000 - 0x00007ffce3861000 	C:\Program Files\Java\jdk-24\bin\server\jvm.dll
0x00007ffdc6660000 - 0x00007ffdc6714000 	C:\WINDOWS\System32\ADVAPI32.dll
0x00007ffdc7640000 - 0x00007ffdc76e6000 	C:\WINDOWS\System32\sechost.dll
0x00007ffdc6210000 - 0x00007ffdc6328000 	C:\WINDOWS\System32\RPCRT4.dll
0x00007ffdc6d10000 - 0x00007ffdc6d84000 	C:\WINDOWS\System32\WS2_32.dll
0x00007ffdb55b0000 - 0x00007ffdb55bb000 	C:\WINDOWS\SYSTEM32\VERSION.dll
0x00007ffdc34b0000 - 0x00007ffdc350e000 	C:\WINDOWS\SYSTEM32\POWRPROF.dll
0x00007ffdb6b10000 - 0x00007ffdb6b45000 	C:\WINDOWS\SYSTEM32\WINMM.dll
0x00007ffdc3490000 - 0x00007ffdc34a4000 	C:\WINDOWS\SYSTEM32\UMPDC.dll
0x00007ffdc36d0000 - 0x00007ffdc36eb000 	C:\WINDOWS\SYSTEM32\kernel.appcore.dll
0x00007ffdbd970000 - 0x00007ffdbd97a000 	C:\Program Files\Java\jdk-24\bin\jimage.dll
0x00007ffdc1ba0000 - 0x00007ffdc1de1000 	C:\WINDOWS\SYSTEM32\DBGHELP.DLL
0x00007ffdc5570000 - 0x00007ffdc58f5000 	C:\WINDOWS\System32\combase.dll
0x00007ffdc5c50000 - 0x00007ffdc5d30000 	C:\WINDOWS\System32\OLEAUT32.dll
0x00007ffd9ef40000 - 0x00007ffd9ef83000 	C:\WINDOWS\SYSTEM32\dbgcore.DLL
0x00007ffdc5350000 - 0x00007ffdc53e9000 	C:\WINDOWS\System32\bcryptPrimitives.dll
0x00007ffda66b0000 - 0x00007ffda66ce000 	C:\Program Files\Java\jdk-24\bin\java.dll
0x00007ffdc6430000 - 0x00007ffdc65d0000 	C:\WINDOWS\System32\ole32.dll
0x00007ffdc6d90000 - 0x00007ffdc74dd000 	C:\WINDOWS\System32\SHELL32.dll
0x00007ffdc4910000 - 0x00007ffdc4a83000 	C:\WINDOWS\System32\wintypes.dll
0x00007ffdc24f0000 - 0x00007ffdc2d50000 	C:\WINDOWS\SYSTEM32\windows.storage.dll
0x00007ffdc74e0000 - 0x00007ffdc75d5000 	C:\WINDOWS\System32\SHCORE.dll
0x00007ffdc5a70000 - 0x00007ffdc5ada000 	C:\WINDOWS\System32\shlwapi.dll
0x00007ffdc4830000 - 0x00007ffdc4859000 	C:\WINDOWS\SYSTEM32\profapi.dll
0x00007ffd47b10000 - 0x00007ffd47be7000 	C:\Program Files\Java\jdk-24\bin\jsvml.dll
0x00007ffdb5e10000 - 0x00007ffdb5e20000 	C:\Program Files\Java\jdk-24\bin\net.dll
0x00007ffdc3ce0000 - 0x00007ffdc3d4b000 	C:\WINDOWS\system32\mswsock.dll
0x00007ffd90460000 - 0x00007ffd90476000 	C:\Program Files\Java\jdk-24\bin\nio.dll

JVMTI agents: none

dbghelp: loaded successfully - version: 4.0.5 - missing functions: none
symbol engine: initialized successfully - sym options: 0x614 - pdb path: .;C:\Program Files\Java\jdk-24\bin;C:\WINDOWS\SYSTEM32;C:\WINDOWS\WinSxS\amd64_microsoft.windows.common-controls_6595b64144ccf1df_6.0.26100.4768_none_3e0c112ce331287c;C:\Program Files\Java\jdk-24\bin\server

VM Arguments:
jvm_args: -Dfile.encoding=UTF-8 -Dstdout.encoding=UTF-8 -Dstderr.encoding=UTF-8 --module-path=C:\Users\Acer\eclipse-workspace\MyStore\bin -XX:+ShowCodeDetailsInExceptionMessages -Djdk.module.main=MyStore 
java_command: MyStore/myStore.SaleStore
java_class_path (initial): <not set>
Launcher Type: SUN_STANDARD

[Global flags]
     intx CICompilerCount                          = 4                                         {product} {ergonomic}
     uint ConcGCThreads                            = 3                                         {product} {ergonomic}
     uint G1ConcRefinementThreads                  = 10                                        {product} {ergonomic}
   size_t G1HeapRegionSize                         = 1048576                                   {product} {ergonomic}
   size_t InitialHeapSize                          = 130023424                                 {product} {ergonomic}
   size_t MarkStackSize                            = 4194304                                   {product} {ergonomic}
   size_t MarkStackSizeMax                         = 536870912                                 {product} {ergonomic}
   size_t MaxHeapSize                              = 2071986176                                {product} {ergonomic}
   size_t MaxNewSize                               = 1242562560                                {product} {ergonomic}
   size_t MinHeapDeltaBytes                        = 1048576                                   {product} {ergonomic}
   size_t MinHeapSize                              = 8388608                                   {product} {ergonomic}
    uintx NonNMethodCodeHeapSize                   = 5832704                                {pd product} {ergonomic}
    uintx NonProfiledCodeHeapSize                  = 122945536                              {pd product} {ergonomic}
    uintx ProfiledCodeHeapSize                     = 122880000                              {pd product} {ergonomic}
    uintx ReservedCodeCacheSize                    = 251658240                              {pd product} {ergonomic}
     bool SegmentedCodeCache                       = true                                      {product} {ergonomic}
     bool ShowCodeDetailsInExceptionMessages       = true                                   {manageable} {command line}
   size_t SoftMaxHeapSize                          = 2071986176                             {manageable} {ergonomic}
     bool UseCompressedOops                        = true                           {product lp64_product} {ergonomic}
     bool UseG1GC                                  = true                                      {product} {ergonomic}
     bool UseLargePagesIndividualAllocation        = false                                  {pd product} {ergonomic}

Logging:
Log output configuration:
 #0: stdout all=warning uptime,level,tags foldmultilines=false
 #1: stderr all=off uptime,level,tags foldmultilines=false

Environment Variables:
PATH=C:/Users/Acer/Downloads/eclipse//plugins/org.eclipse.justj.openjdk.hotspot.jre.full.win32.x86_64_21.0.7.v20250502-0916/jre/bin/server;C:/Users/Acer/Downloads/eclipse//plugins/org.eclipse.justj.openjdk.hotspot.jre.full.win32.x86_64_21.0.7.v20250502-0916/jre/bin;C:\Program Files\Common Files\Oracle\Java\javapath;C:\WINDOWS\system32;C:\WINDOWS;C:\WINDOWS\System32\Wbem;C:\WINDOWS\System32\WindowsPowerShell\v1.0\;C:\WINDOWS\System32\OpenSSH\;C:\Program Files (x86)\NVIDIA Corporation\PhysX\Common;C:\Program Files\NVIDIA Corporation\NVIDIA App\NvDLISR;C:\Program Files\Git\cmd;C:\Users\Acer\AppData\Local\Programs\Python\Python313\Scripts\;C:\Users\Acer\AppData\Local\Programs\Python\Python313\;C:\Users\Acer\AppData\Local\Programs\Python\Launcher\;C:\Users\Acer\AppData\Local\Microsoft\WindowsApps;C:\Users\Acer\AppData\Local\Programs\Microsoft VS Code\bin;C:\Users\Acer\AppData\Local\GitHubDesktop\bin;;C:\Users\Acer\Downloads\eclipse;
USERNAME=Acer
OS=Windows_NT
PROCESSOR_IDENTIFIER=Intel64 Family 6 Model 154 Stepping 3, GenuineIntel
TMP=C:\Users\Acer\AppData\Local\Temp
TEMP=C:\Users\Acer\AppData\Local\Temp




Periodic native trim disabled

---------------  S Y S T E M  ---------------

OS:
 Windows 11 , 64 bit Build 26100 (10.0.26100.4768)
OS uptime: 9 days 1:25 hours
Hyper-V role detected

CPU: total 12 (initial active 12) (6 cores per cpu, 2 threads per core) family 6 model 154 stepping 3 microcode 0x423, cx8, cmov, fxsr, ht, mmx, 3dnowpref, sse, sse2, sse3, ssse3, sse4.1, sse4.2, popcnt, lzcnt, tsc, tscinvbit, avx, avx2, aes, erms, clmul, bmi1, bmi2, adx, sha, fma, vzeroupper, clflush, clflushopt, clwb, hv, serialize, rdtscp, rdpid, fsrm, gfni, f16c, cet_ibt, cet_ss
Processor Information for processor 0
  Max Mhz: 2500, Current Mhz: 2500, Mhz Limit: 2500
Processor Information for processor 1
  Max Mhz: 2500, Current Mhz: 2500, Mhz Limit: 2500
Processor Information for processor 2
  Max Mhz: 2500, Current Mhz: 2500, Mhz Limit: 2500
Processor Information for processor 3
  Max Mhz: 2500, Current Mhz: 2500, Mhz Limit: 2500
Processor Information for processor 4
  Max Mhz: 2500, Current Mhz: 2500, Mhz Limit: 2500
Processor Information for processor 5
  Max Mhz: 2500, Current Mhz: 2500, Mhz Limit: 2500
Processor Information for processor 6
  Max Mhz: 2500, Current Mhz: 2500, Mhz Limit: 2500
Processor Information for processor 7
  Max Mhz: 2500, Current Mhz: 2500, Mhz Limit: 2500
Processor Information for processor 8
  Max Mhz: 2500, Current Mhz: 1500, Mhz Limit: 1875
Processor Information for processor 9
  Max Mhz: 2500, Current Mhz: 1875, Mhz Limit: 1875
Processor Information for processor 10
  Max Mhz: 2500, Current Mhz: 1500, Mhz Limit: 1875
Processor Information for processor 11
  Max Mhz: 2500, Current Mhz: 1875, Mhz Limit: 1875

Memory: 4k page, system-wide physical 7896M (168M free)
TotalPageFile size 32472M (AvailPageFile size 5M)
current process WorkingSet (physical memory assigned to process): 43M, peak: 43M
current process commit charge ("private bytes"): 213M, peak: 214M

vm_info: Java HotSpot(TM) 64-Bit Server VM (24.0.2+12-54) for windows-amd64 JRE (24.0.2+12-54), built on 2025-07-08T12:10:27Z with MS VC++ 17.6 (VS2022)

END.
